# JRE version: OpenJDK Runtime Environment (8.0_76-b03) (build 1.8.0_76-release-b03)
# Java VM: OpenJDK 64-Bit Server VM (25.76-b03 mixed mode windows-amd64 compressed oops)
Heap:
 PSYoungGen      total 457728K, used 321393K [0x00000000d5580000, 0x0000000100000000, 0x0000000100000000)
  eden space 248320K, 68% used [0x00000000d5580000,0x00000000dfa95c80,0x00000000e4800000)
  from space 209408K, 72% used [0x00000000f3380000,0x00000000fc846ab0,0x0000000100000000)
  to   space 225280K, 0% used [0x00000000e4800000,0x00000000e4800000,0x00000000f2400000)
 ParOldGen       total 1006080K, used 783308K [0x0000000080000000, 0x00000000bd680000, 0x00000000d5580000)
  object space 1006080K, 77% used [0x0000000080000000,0x00000000afcf30b0,0x00000000bd680000)
 Metaspace       used 6741K, capacity 7352K, committed 7552K, reserved 1056768K
  class space    used 609K, capacity 624K, committed 640K, reserved 1048576K
GC Heap History (10 events):
Event: 17.162 GC heap before
{Heap before GC invocations=29 (full 5):
 PSYoungGen      total 465920K, used 233024K [0x00000000d5580000, 0x0000000100000000, 0x0000000100000000)
  eden space 232960K, 100% used [0x00000000d5580000,0x00000000e3900000,0x00000000e3900000)
  from space 232960K, 0% used [0x00000000e3900000,0x00000000e3910000,0x00000000f1c80000)
  to   space 232960K, 0% used [0x00000000f1c80000,0x00000000f1c80000,0x0000000100000000)
 ParOldGen       total 1006080K, used 746189K [0x0000000080000000, 0x00000000bd680000, 0x00000000d5580000)
  object space 1006080K, 74% used [0x0000000080000000,0x00000000ad8b3580,0x00000000bd680000)
 Metaspace       used 6634K, capacity 7282K, committed 7552K, reserved 1056768K
  class space    used 602K, capacity 618K, committed 640K, reserved 1048576K
Event: 17.192 GC heap after
Heap after GC invocations=29 (full 5):
 PSYoungGen      total 456704K, used 38347K [0x00000000d5580000, 0x00000000ff700000, 0x0000000100000000)
  eden space 232960K, 0% used [0x00000000d5580000,0x00000000d5580000,0x00000000e3900000)
  from space 223744K, 17% used [0x00000000f1c80000,0x00000000f41f2ef0,0x00000000ff700000)
  to   space 228352K, 0% used [0x00000000e3900000,0x00000000e3900000,0x00000000f1800000)
 ParOldGen       total 1006080K, used 746205K [0x0000000080000000, 0x00000000bd680000, 0x00000000d5580000)
  object space 1006080K, 74% used [0x0000000080000000,0x00000000ad8b7580,0x00000000bd680000)
 Metaspace       used 6634K, capacity 7282K, committed 7552K, reserved 1056768K
  class space    used 602K, capacity 618K, committed 640K, reserved 1048576K
}
Event: 17.367 GC heap before
{Heap before GC invocations=30 (full 5):
 PSYoungGen      total 456704K, used 271307K [0x00000000d5580000, 0x00000000ff700000, 0x0000000100000000)
  eden space 232960K, 100% used [0x00000000d5580000,0x00000000e3900000,0x00000000e3900000)
  from space 223744K, 17% used [0x00000000f1c80000,0x00000000f41f2ef0,0x00000000ff700000)
  to   space 228352K, 0% used [0x00000000e3900000,0x00000000e3900000,0x00000000f1800000)
 ParOldGen       total 1006080K, used 746205K [0x0000000080000000, 0x00000000bd680000, 0x00000000d5580000)
  object space 1006080K, 74% used [0x0000000080000000,0x00000000ad8b7580,0x00000000bd680000)
 Metaspace       used 6636K, capacity 7282K, committed 7552K, reserved 1056768K
  class space    used 602K, capacity 618K, committed 640K, reserved 1048576K
Event: 17.421 GC heap after
Heap after GC invocations=30 (full 5):
 PSYoungGen      total 461312K, used 41216K [0x00000000d5580000, 0x00000000fee80000, 0x0000000100000000)
  eden space 232960K, 0% used [0x00000000d5580000,0x00000000d5580000,0x00000000e3900000)
  from space 228352K, 18% used [0x00000000e3900000,0x00000000e6140010,0x00000000f1800000)
  to   space 217088K, 0% used [0x00000000f1a80000,0x00000000f1a80000,0x00000000fee80000)
 ParOldGen       total 1006080K, used 783292K [0x0000000080000000, 0x00000000bd680000, 0x00000000d5580000)
  object space 1006080K, 77% used [0x0000000080000000,0x00000000afcef0b0,0x00000000bd680000)
 Metaspace       used 6636K, capacity 7282K, committed 7552K, reserved 1056768K
  class space    used 602K, capacity 618K, committed 640K, reserved 1048576K
}
Event: 17.761 GC heap before
{Heap before GC invocations=31 (full 5):
 PSYoungGen      total 461312K, used 274176K [0x00000000d5580000, 0x00000000fee80000, 0x0000000100000000)
  eden space 232960K, 100% used [0x00000000d5580000,0x00000000e3900000,0x00000000e3900000)
  from space 228352K, 18% used [0x00000000e3900000,0x00000000e6140010,0x00000000f1800000)
  to   space 217088K, 0% used [0x00000000f1a80000,0x00000000f1a80000,0x00000000fee80000)
 ParOldGen       total 1006080K, used 783292K [0x0000000080000000, 0x00000000bd680000, 0x00000000d5580000)
  object space 1006080K, 77% used [0x0000000080000000,0x00000000afcef0b0,0x00000000bd680000)
 Metaspace       used 6714K, capacity 7350K, committed 7552K, reserved 1056768K
  class space    used 607K, capacity 622K, committed 640K, reserved 1048576K
Event: 17.840 GC heap after
Heap after GC invocations=31 (full 5):
 PSYoungGen      total 454656K, used 76320K [0x00000000d5580000, 0x00000000fdf00000, 0x0000000100000000)
  eden space 253440K, 0% used [0x00000000d5580000,0x00000000d5580000,0x00000000e4d00000)
  from space 201216K, 37% used [0x00000000f1a80000,0x00000000f6508328,0x00000000fdf00000)
  to   space 205824K, 0% used [0x00000000e4d00000,0x00000000e4d00000,0x00000000f1600000)
 ParOldGen       total 1006080K, used 783300K [0x0000000080000000, 0x00000000bd680000, 0x00000000d5580000)
  object space 1006080K, 77% used [0x0000000080000000,0x00000000afcf10b0,0x00000000bd680000)
 Metaspace       used 6714K, capacity 7350K, committed 7552K, reserved 1056768K
  class space    used 607K, capacity 622K, committed 640K, reserved 1048576K
}
Event: 18.155 GC heap before
{Heap before GC invocations=32 (full 5):
 PSYoungGen      total 454656K, used 329760K [0x00000000d5580000, 0x00000000fdf00000, 0x0000000100000000)
  eden space 253440K, 100% used [0x00000000d5580000,0x00000000e4d00000,0x00000000e4d00000)
  from space 201216K, 37% used [0x00000000f1a80000,0x00000000f6508328,0x00000000fdf00000)
  to   space 205824K, 0% used [0x00000000e4d00000,0x00000000e4d00000,0x00000000f1600000)
 ParOldGen       total 1006080K, used 783300K [0x0000000080000000, 0x00000000bd680000, 0x00000000d5580000)
  object space 1006080K, 77% used [0x0000000080000000,0x00000000afcf10b0,0x00000000bd680000)
 Metaspace       used 6741K, capacity 7352K, committed 7552K, reserved 1056768K
  class space    used 609K, capacity 624K, committed 640K, reserved 1048576K
Event: 18.232 GC heap after
Heap after GC invocations=32 (full 5):
 PSYoungGen      total 459264K, used 114404K [0x00000000d5580000, 0x0000000100000000, 0x0000000100000000)
  eden space 253440K, 0% used [0x00000000d5580000,0x00000000d5580000,0x00000000e4d00000)
  from space 205824K, 55% used [0x00000000e4d00000,0x00000000ebcb9208,0x00000000f1600000)
  to   space 209408K, 0% used [0x00000000f3380000,0x00000000f3380000,0x0000000100000000)
 ParOldGen       total 1006080K, used 783308K [0x0000000080000000, 0x00000000bd680000, 0x00000000d5580000)
  object space 1006080K, 77% used [0x0000000080000000,0x00000000afcf30b0,0x00000000bd680000)
 Metaspace       used 6741K, capacity 7352K, committed 7552K, reserved 1056768K
  class space    used 609K, capacity 624K, committed 640K, reserved 1048576K
}
Event: 18.478 GC heap before
{Heap before GC invocations=33 (full 5):
 PSYoungGen      total 459264K, used 367844K [0x00000000d5580000, 0x0000000100000000, 0x0000000100000000)
  eden space 253440K, 100% used [0x00000000d5580000,0x00000000e4d00000,0x00000000e4d00000)
  from space 205824K, 55% used [0x00000000e4d00000,0x00000000ebcb9208,0x00000000f1600000)
  to   space 209408K, 0% used [0x00000000f3380000,0x00000000f3380000,0x0000000100000000)
 ParOldGen       total 1006080K, used 783308K [0x0000000080000000, 0x00000000bd680000, 0x00000000d5580000)
  object space 1006080K, 77% used [0x0000000080000000,0x00000000afcf30b0,0x00000000bd680000)
 Metaspace       used 6741K, capacity 7352K, committed 7552K, reserved 1056768K
  class space    used 609K, capacity 624K, committed 640K, reserved 1048576K
Event: 18.587 GC heap after
Heap after GC invocations=33 (full 5):
 PSYoungGen      total 457728K, used 152346K [0x00000000d5580000, 0x0000000100000000, 0x0000000100000000)
  eden space 248320K, 0% used [0x00000000d5580000,0x00000000d5580000,0x00000000e4800000)
  from space 209408K, 72% used [0x00000000f3380000,0x00000000fc846ab0,0x0000000100000000)
  to   space 225280K, 0% used [0x00000000e4800000,0x00000000e4800000,0x00000000f2400000)
 ParOldGen       total 1006080K, used 783308K [0x0000000080000000, 0x00000000bd680000, 0x00000000d5580000)
  object space 1006080K, 77% used [0x0000000080000000,0x00000000afcf30b0,0x00000000bd680000)
 Metaspace       used 6741K, capacity 7352K, committed 7552K, reserved 1056768K
  class space    used 609K, capacity 624K, committed 640K, reserved 1048576K
}

