# JRE version: OpenJDK Runtime Environment (8.0_76-b03) (build 1.8.0_76-release-b03)
# Java VM: OpenJDK 64-Bit Server VM (25.76-b03 mixed mode windows-amd64 compressed oops)
Heap:
 PSYoungGen      total 465920K, used 56812K [0x00000000d5580000, 0x0000000100000000, 0x0000000100000000)
  eden space 232960K, 0% used [0x00000000d5580000,0x00000000d5580000,0x00000000e3900000)
  from space 232960K, 24% used [0x00000000f1c80000,0x00000000f53fb258,0x0000000100000000)
  to   space 232960K, 0% used [0x00000000e3900000,0x00000000e3900000,0x00000000f1c80000)
 ParOldGen       total 878592K, used 819365K [0x0000000080000000, 0x00000000b5a00000, 0x00000000d5580000)
  object space 878592K, 93% used [0x0000000080000000,0x00000000b2029798,0x00000000b5a00000)
 Metaspace       used 6627K, capacity 7282K, committed 7552K, reserved 1056768K
  class space    used 603K, capacity 618K, committed 640K, reserved 1048576K
GC Heap History (10 events):
Event: 13.566 GC heap after
Heap after GC invocations=18 (full 3):
 PSYoungGen      total 538112K, used 160739K [0x00000000d5580000, 0x0000000100000000, 0x0000000100000000)
  eden space 377344K, 0% used [0x00000000d5580000,0x00000000d5580000,0x00000000ec600000)
  from space 160768K, 99% used [0x00000000ec600000,0x00000000f62f8cc0,0x00000000f6300000)
  to   space 160768K, 0% used [0x00000000f6300000,0x00000000f6300000,0x0000000100000000)
 ParOldGen       total 516608K, used 411164K [0x0000000080000000, 0x000000009f880000, 0x00000000d5580000)
  object space 516608K, 79% used [0x0000000080000000,0x0000000099187198,0x000000009f880000)
 Metaspace       used 6627K, capacity 7282K, committed 7552K, reserved 1056768K
  class space    used 603K, capacity 618K, committed 640K, reserved 1048576K
}
Event: 13.990 GC heap before
{Heap before GC invocations=19 (full 3):
 PSYoungGen      total 538112K, used 538083K [0x00000000d5580000, 0x0000000100000000, 0x0000000100000000)
  eden space 377344K, 100% used [0x00000000d5580000,0x00000000ec600000,0x00000000ec600000)
  from space 160768K, 99% used [0x00000000ec600000,0x00000000f62f8cc0,0x00000000f6300000)
  to   space 160768K, 0% used [0x00000000f6300000,0x00000000f6300000,0x0000000100000000)
 ParOldGen       total 516608K, used 411164K [0x0000000080000000, 0x000000009f880000, 0x00000000d5580000)
  object space 516608K, 79% used [0x0000000080000000,0x0000000099187198,0x000000009f880000)
 Metaspace       used 6627K, capacity 7282K, committed 7552K, reserved 1056768K
  class space    used 603K, capacity 618K, committed 640K, reserved 1048576K
Event: 14.212 GC heap after
Heap after GC invocations=19 (full 3):
 PSYoungGen      total 393728K, used 160744K [0x00000000d5580000, 0x0000000100000000, 0x0000000100000000)
  eden space 232960K, 0% used [0x00000000d5580000,0x00000000d5580000,0x00000000e3900000)
  from space 160768K, 99% used [0x00000000f6300000,0x00000000ffffa2b0,0x0000000100000000)
  to   space 232960K, 0% used [0x00000000e3900000,0x00000000e3900000,0x00000000f1c80000)
 ParOldGen       total 569344K, used 569306K [0x0000000080000000, 0x00000000a2c00000, 0x00000000d5580000)
  object space 569344K, 99% used [0x0000000080000000,0x00000000a2bf6998,0x00000000a2c00000)
 Metaspace       used 6627K, capacity 7282K, committed 7552K, reserved 1056768K
  class space    used 603K, capacity 618K, committed 640K, reserved 1048576K
}
Event: 14.212 GC heap before
{Heap before GC invocations=20 (full 4):
 PSYoungGen      total 393728K, used 160744K [0x00000000d5580000, 0x0000000100000000, 0x0000000100000000)
  eden space 232960K, 0% used [0x00000000d5580000,0x00000000d5580000,0x00000000e3900000)
  from space 160768K, 99% used [0x00000000f6300000,0x00000000ffffa2b0,0x0000000100000000)
  to   space 232960K, 0% used [0x00000000e3900000,0x00000000e3900000,0x00000000f1c80000)
 ParOldGen       total 569344K, used 569306K [0x0000000080000000, 0x00000000a2c00000, 0x00000000d5580000)
  object space 569344K, 99% used [0x0000000080000000,0x00000000a2bf6998,0x00000000a2c00000)
 Metaspace       used 6627K, capacity 7282K, committed 7552K, reserved 1056768K
  class space    used 603K, capacity 618K, committed 640K, reserved 1048576K
Event: 16.349 GC heap after
Heap after GC invocations=20 (full 4):
 PSYoungGen      total 393728K, used 143931K [0x00000000d5580000, 0x0000000100000000, 0x0000000100000000)
  eden space 232960K, 0% used [0x00000000d5580000,0x00000000d5580000,0x00000000e3900000)
  from space 160768K, 89% used [0x00000000f6300000,0x00000000fef8eef8,0x0000000100000000)
  to   space 232960K, 0% used [0x00000000e3900000,0x00000000e3900000,0x00000000f1c80000)
 ParOldGen       total 878592K, used 569159K [0x0000000080000000, 0x00000000b5a00000, 0x00000000d5580000)
  object space 878592K, 64% used [0x0000000080000000,0x00000000a2bd1c70,0x00000000b5a00000)
 Metaspace       used 6627K, capacity 7282K, committed 7552K, reserved 1056768K
  class space    used 603K, capacity 618K, committed 640K, reserved 1048576K
}
Event: 16.826 GC heap before
{Heap before GC invocations=21 (full 4):
 PSYoungGen      total 393728K, used 376891K [0x00000000d5580000, 0x0000000100000000, 0x0000000100000000)
  eden space 232960K, 100% used [0x00000000d5580000,0x00000000e3900000,0x00000000e3900000)
  from space 160768K, 89% used [0x00000000f6300000,0x00000000fef8eef8,0x0000000100000000)
  to   space 232960K, 0% used [0x00000000e3900000,0x00000000e3900000,0x00000000f1c80000)
 ParOldGen       total 878592K, used 569159K [0x0000000080000000, 0x00000000b5a00000, 0x00000000d5580000)
  object space 878592K, 64% used [0x0000000080000000,0x00000000a2bd1c70,0x00000000b5a00000)
 Metaspace       used 6627K, capacity 7282K, committed 7552K, reserved 1056768K
  class space    used 603K, capacity 618K, committed 640K, reserved 1048576K
Event: 17.030 GC heap after
Heap after GC invocations=21 (full 4):
 PSYoungGen      total 465920K, used 130550K [0x00000000d5580000, 0x0000000100000000, 0x0000000100000000)
  eden space 232960K, 0% used [0x00000000d5580000,0x00000000d5580000,0x00000000e3900000)
  from space 232960K, 56% used [0x00000000e3900000,0x00000000eb87da50,0x00000000f1c80000)
  to   space 232960K, 0% used [0x00000000f1c80000,0x00000000f1c80000,0x0000000100000000)
 ParOldGen       total 878592K, used 710376K [0x0000000080000000, 0x00000000b5a00000, 0x00000000d5580000)
  object space 878592K, 80% used [0x0000000080000000,0x00000000ab5ba290,0x00000000b5a00000)
 Metaspace       used 6627K, capacity 7282K, committed 7552K, reserved 1056768K
  class space    used 603K, capacity 618K, committed 640K, reserved 1048576K
}
Event: 17.331 GC heap before
{Heap before GC invocations=22 (full 4):
 PSYoungGen      total 465920K, used 363510K [0x00000000d5580000, 0x0000000100000000, 0x0000000100000000)
  eden space 232960K, 100% used [0x00000000d5580000,0x00000000e3900000,0x00000000e3900000)
  from space 232960K, 56% used [0x00000000e3900000,0x00000000eb87da50,0x00000000f1c80000)
  to   space 232960K, 0% used [0x00000000f1c80000,0x00000000f1c80000,0x0000000100000000)
 ParOldGen       total 878592K, used 710376K [0x0000000080000000, 0x00000000b5a00000, 0x00000000d5580000)
  object space 878592K, 80% used [0x0000000080000000,0x00000000ab5ba290,0x00000000b5a00000)
 Metaspace       used 6627K, capacity 7282K, committed 7552K, reserved 1056768K
  class space    used 603K, capacity 618K, committed 640K, reserved 1048576K
Event: 17.429 GC heap after
Heap after GC invocations=22 (full 4):
 PSYoungGen      total 465920K, used 56812K [0x00000000d5580000, 0x0000000100000000, 0x0000000100000000)
  eden space 232960K, 0% used [0x00000000d5580000,0x00000000d5580000,0x00000000e3900000)
  from space 232960K, 24% used [0x00000000f1c80000,0x00000000f53fb258,0x0000000100000000)
  to   space 232960K, 0% used [0x00000000e3900000,0x00000000e3900000,0x00000000f1c80000)
 ParOldGen       total 878592K, used 819365K [0x0000000080000000, 0x00000000b5a00000, 0x00000000d5580000)
  object space 878592K, 93% used [0x0000000080000000,0x00000000b2029798,0x00000000b5a00000)
 Metaspace       used 6627K, capacity 7282K, committed 7552K, reserved 1056768K
  class space    used 603K, capacity 618K, committed 640K, reserved 1048576K
}
Event: 17.429 GC heap before
{Heap before GC invocations=23 (full 5):
 PSYoungGen      total 465920K, used 56812K [0x00000000d5580000, 0x0000000100000000, 0x0000000100000000)
  eden space 232960K, 0% used [0x00000000d5580000,0x00000000d5580000,0x00000000e3900000)
  from space 232960K, 24% used [0x00000000f1c80000,0x00000000f53fb258,0x0000000100000000)
  to   space 232960K, 0% used [0x00000000e3900000,0x00000000e3900000,0x00000000f1c80000)
 ParOldGen       total 878592K, used 819365K [0x0000000080000000, 0x00000000b5a00000, 0x00000000d5580000)
  object space 878592K, 93% used [0x0000000080000000,0x00000000b2029798,0x00000000b5a00000)
 Metaspace       used 6627K, capacity 7282K, committed 7552K, reserved 1056768K
  class space    used 603K, capacity 618K, committed 640K, reserved 1048576K

