# JRE version: OpenJDK Runtime Environment (8.0_76-b03) (build 1.8.0_76-release-b03)
# Java VM: OpenJDK 64-Bit Server VM (25.76-b03 mixed mode windows-amd64 compressed oops)
Heap:
 PSYoungGen      total 542208K, used 93174K [0x00000000d5580000, 0x0000000100000000, 0x0000000100000000)
  eden space 449024K, 0% used [0x00000000d5580000,0x00000000d5580000,0x00000000f0c00000)
  from space 93184K, 99% used [0x00000000fa500000,0x00000000ffffda50,0x0000000100000000)
  to   space 124928K, 0% used [0x00000000f0c00000,0x00000000f0c00000,0x00000000f8600000)
 ParOldGen       total 173568K, used 156026K [0x0000000080000000, 0x000000008a980000, 0x00000000d5580000)
  object space 173568K, 89% used [0x0000000080000000,0x000000008985ea28,0x000000008a980000)
 Metaspace       used 6606K, capacity 7282K, committed 7552K, reserved 1056768K
  class space    used 600K, capacity 618K, committed 640K, reserved 1048576K
GC Heap History (10 events):
Event: 2.478 GC heap after
Heap after GC invocations=7 (full 0):
 PSYoungGen      total 289280K, used 29156K [0x00000000d5580000, 0x00000000fb580000, 0x0000000100000000)
  eden space 260096K, 0% used [0x00000000d5580000,0x00000000d5580000,0x00000000e5380000)
  from space 29184K, 99% used [0x00000000e5380000,0x00000000e6ff9340,0x00000000e7000000)
  to   space 51200K, 0% used [0x00000000f8380000,0x00000000f8380000,0x00000000fb580000)
 ParOldGen       total 87552K, used 59235K [0x0000000080000000, 0x0000000085580000, 0x00000000d5580000)
  object space 87552K, 67% used [0x0000000080000000,0x00000000839d8ef0,0x0000000085580000)
 Metaspace       used 6564K, capacity 7282K, committed 7552K, reserved 1056768K
  class space    used 599K, capacity 618K, committed 640K, reserved 1048576K
}
Event: 3.133 GC heap before
{Heap before GC invocations=8 (full 0):
 PSYoungGen      total 289280K, used 289252K [0x00000000d5580000, 0x00000000fb580000, 0x0000000100000000)
  eden space 260096K, 100% used [0x00000000d5580000,0x00000000e5380000,0x00000000e5380000)
  from space 29184K, 99% used [0x00000000e5380000,0x00000000e6ff9340,0x00000000e7000000)
  to   space 51200K, 0% used [0x00000000f8380000,0x00000000f8380000,0x00000000fb580000)
 ParOldGen       total 87552K, used 59235K [0x0000000080000000, 0x0000000085580000, 0x00000000d5580000)
  object space 87552K, 67% used [0x0000000080000000,0x00000000839d8ef0,0x0000000085580000)
 Metaspace       used 6580K, capacity 7282K, committed 7552K, reserved 1056768K
  class space    used 599K, capacity 618K, committed 640K, reserved 1048576K
Event: 3.217 GC heap after
Heap after GC invocations=8 (full 0):
 PSYoungGen      total 553472K, used 51191K [0x00000000d5580000, 0x00000000fd880000, 0x0000000100000000)
  eden space 502272K, 0% used [0x00000000d5580000,0x00000000d5580000,0x00000000f4000000)
  from space 51200K, 99% used [0x00000000f8380000,0x00000000fb57ded0,0x00000000fb580000)
  to   space 69120K, 0% used [0x00000000f4000000,0x00000000f4000000,0x00000000f8380000)
 ParOldGen       total 87552K, used 76309K [0x0000000080000000, 0x0000000085580000, 0x00000000d5580000)
  object space 87552K, 87% used [0x0000000080000000,0x0000000084a85508,0x0000000085580000)
 Metaspace       used 6580K, capacity 7282K, committed 7552K, reserved 1056768K
  class space    used 599K, capacity 618K, committed 640K, reserved 1048576K
}
Event: 3.217 GC heap before
{Heap before GC invocations=9 (full 1):
 PSYoungGen      total 553472K, used 51191K [0x00000000d5580000, 0x00000000fd880000, 0x0000000100000000)
  eden space 502272K, 0% used [0x00000000d5580000,0x00000000d5580000,0x00000000f4000000)
  from space 51200K, 99% used [0x00000000f8380000,0x00000000fb57ded0,0x00000000fb580000)
  to   space 69120K, 0% used [0x00000000f4000000,0x00000000f4000000,0x00000000f8380000)
 ParOldGen       total 87552K, used 76309K [0x0000000080000000, 0x0000000085580000, 0x00000000d5580000)
  object space 87552K, 87% used [0x0000000080000000,0x0000000084a85508,0x0000000085580000)
 Metaspace       used 6580K, capacity 7282K, committed 7552K, reserved 1056768K
  class space    used 599K, capacity 618K, committed 640K, reserved 1048576K
Event: 3.874 GC heap after
Heap after GC invocations=9 (full 1):
 PSYoungGen      total 553472K, used 34680K [0x00000000d5580000, 0x00000000fd880000, 0x0000000100000000)
  eden space 502272K, 0% used [0x00000000d5580000,0x00000000d5580000,0x00000000f4000000)
  from space 51200K, 67% used [0x00000000f8380000,0x00000000fa55e398,0x00000000fb580000)
  to   space 69120K, 0% used [0x00000000f4000000,0x00000000f4000000,0x00000000f8380000)
 ParOldGen       total 173568K, used 87258K [0x0000000080000000, 0x000000008a980000, 0x00000000d5580000)
  object space 173568K, 50% used [0x0000000080000000,0x0000000085536a40,0x000000008a980000)
 Metaspace       used 6580K, capacity 7282K, committed 7552K, reserved 1056768K
  class space    used 599K, capacity 618K, committed 640K, reserved 1048576K
}
Event: 4.962 GC heap before
{Heap before GC invocations=10 (full 1):
 PSYoungGen      total 553472K, used 536952K [0x00000000d5580000, 0x00000000fd880000, 0x0000000100000000)
  eden space 502272K, 100% used [0x00000000d5580000,0x00000000f4000000,0x00000000f4000000)
  from space 51200K, 67% used [0x00000000f8380000,0x00000000fa55e398,0x00000000fb580000)
  to   space 69120K, 0% used [0x00000000f4000000,0x00000000f4000000,0x00000000f8380000)
 ParOldGen       total 173568K, used 87258K [0x0000000080000000, 0x000000008a980000, 0x00000000d5580000)
  object space 173568K, 50% used [0x0000000080000000,0x0000000085536a40,0x000000008a980000)
 Metaspace       used 6599K, capacity 7282K, committed 7552K, reserved 1056768K
  class space    used 600K, capacity 618K, committed 640K, reserved 1048576K
Event: 5.122 GC heap after
Heap after GC invocations=10 (full 1):
 PSYoungGen      total 571392K, used 69089K [0x00000000d5580000, 0x0000000100000000, 0x0000000100000000)
  eden space 502272K, 0% used [0x00000000d5580000,0x00000000d5580000,0x00000000f4000000)
  from space 69120K, 99% used [0x00000000f4000000,0x00000000f8378440,0x00000000f8380000)
  to   space 93184K, 0% used [0x00000000fa500000,0x00000000fa500000,0x0000000100000000)
 ParOldGen       total 173568K, used 114554K [0x0000000080000000, 0x000000008a980000, 0x00000000d5580000)
  object space 173568K, 65% used [0x0000000080000000,0x0000000086fde8f0,0x000000008a980000)
 Metaspace       used 6599K, capacity 7282K, committed 7552K, reserved 1056768K
  class space    used 600K, capacity 618K, committed 640K, reserved 1048576K
}
Event: 6.228 GC heap before
{Heap before GC invocations=11 (full 1):
 PSYoungGen      total 571392K, used 571361K [0x00000000d5580000, 0x0000000100000000, 0x0000000100000000)
  eden space 502272K, 100% used [0x00000000d5580000,0x00000000f4000000,0x00000000f4000000)
  from space 69120K, 99% used [0x00000000f4000000,0x00000000f8378440,0x00000000f8380000)
  to   space 93184K, 0% used [0x00000000fa500000,0x00000000fa500000,0x0000000100000000)
 ParOldGen       total 173568K, used 114554K [0x0000000080000000, 0x000000008a980000, 0x00000000d5580000)
  object space 173568K, 65% used [0x0000000080000000,0x0000000086fde8f0,0x000000008a980000)
 Metaspace       used 6606K, capacity 7282K, committed 7552K, reserved 1056768K
  class space    used 600K, capacity 618K, committed 640K, reserved 1048576K
Event: 6.362 GC heap after
Heap after GC invocations=11 (full 1):
 PSYoungGen      total 542208K, used 93174K [0x00000000d5580000, 0x0000000100000000, 0x0000000100000000)
  eden space 449024K, 0% used [0x00000000d5580000,0x00000000d5580000,0x00000000f0c00000)
  from space 93184K, 99% used [0x00000000fa500000,0x00000000ffffda50,0x0000000100000000)
  to   space 124928K, 0% used [0x00000000f0c00000,0x00000000f0c00000,0x00000000f8600000)
 ParOldGen       total 173568K, used 156026K [0x0000000080000000, 0x000000008a980000, 0x00000000d5580000)
  object space 173568K, 89% used [0x0000000080000000,0x000000008985ea28,0x000000008a980000)
 Metaspace       used 6606K, capacity 7282K, committed 7552K, reserved 1056768K
  class space    used 600K, capacity 618K, committed 640K, reserved 1048576K
}
Event: 6.362 GC heap before
{Heap before GC invocations=12 (full 2):
 PSYoungGen      total 542208K, used 93174K [0x00000000d5580000, 0x0000000100000000, 0x0000000100000000)
  eden space 449024K, 0% used [0x00000000d5580000,0x00000000d5580000,0x00000000f0c00000)
  from space 93184K, 99% used [0x00000000fa500000,0x00000000ffffda50,0x0000000100000000)
  to   space 124928K, 0% used [0x00000000f0c00000,0x00000000f0c00000,0x00000000f8600000)
 ParOldGen       total 173568K, used 156026K [0x0000000080000000, 0x000000008a980000, 0x00000000d5580000)
  object space 173568K, 89% used [0x0000000080000000,0x000000008985ea28,0x000000008a980000)
 Metaspace       used 6606K, capacity 7282K, committed 7552K, reserved 1056768K
  class space    used 600K, capacity 618K, committed 640K, reserved 1048576K

